mode: set
cloudvm/solo/controller/app/controller.go:30.69,49.64 7 1
cloudvm/solo/controller/app/controller.go:52.2,52.68 1 1
cloudvm/solo/controller/app/controller.go:56.2,56.25 1 1
cloudvm/solo/controller/app/controller.go:49.64,51.3 1 0
cloudvm/solo/controller/app/controller.go:52.68,54.3 1 0
cloudvm/solo/controller/app/controller.go:59.49,61.2 1 1
cloudvm/solo/controller/app/controller.go:63.45,66.27 3 1
cloudvm/solo/controller/app/controller.go:70.2,70.13 1 1
cloudvm/solo/controller/app/controller.go:66.27,69.3 2 1
cloudvm/solo/controller/app/controller.go:73.41,76.24 3 1
cloudvm/solo/controller/app/controller.go:79.2,83.13 3 1
cloudvm/solo/controller/app/controller.go:76.24,78.3 1 1
cloudvm/solo/controller/app/controller.go:86.43,87.19 1 1
cloudvm/solo/controller/app/controller.go:95.2,98.36 2 1
cloudvm/solo/controller/app/controller.go:101.2,101.12 1 1
cloudvm/solo/controller/app/controller.go:87.19,89.3 1 1
cloudvm/solo/controller/app/controller.go:89.3,92.3 2 1
cloudvm/solo/controller/app/controller.go:98.36,100.3 1 1
cloudvm/solo/controller/app/controller.go:104.39,108.27 3 1
cloudvm/solo/controller/app/controller.go:115.2,115.14 1 1
cloudvm/solo/controller/app/controller.go:108.27,110.37 2 1
cloudvm/solo/controller/app/controller.go:110.37,112.4 1 1
cloudvm/solo/controller/app/controller.go:118.85,120.45 2 0
cloudvm/solo/controller/app/controller.go:124.2,125.16 2 0
cloudvm/solo/controller/app/controller.go:129.2,129.31 1 0
cloudvm/solo/controller/app/controller.go:137.2,137.21 1 0
cloudvm/solo/controller/app/controller.go:146.2,150.37 4 0
cloudvm/solo/controller/app/controller.go:120.45,122.3 1 0
cloudvm/solo/controller/app/controller.go:125.16,127.3 1 0
cloudvm/solo/controller/app/controller.go:129.31,131.17 2 0
cloudvm/solo/controller/app/controller.go:131.17,134.4 2 0
cloudvm/solo/controller/app/controller.go:137.21,140.17 3 0
cloudvm/solo/controller/app/controller.go:140.17,142.4 1 0
cloudvm/solo/controller/app/controller.go:156.55,158.2 1 0
cloudvm/solo/controller/app/controller.go:160.58,162.45 2 0
cloudvm/solo/controller/app/controller.go:167.2,168.16 2 0
cloudvm/solo/controller/app/controller.go:171.2,171.14 1 0
cloudvm/solo/controller/app/controller.go:178.2,178.11 1 0
cloudvm/solo/controller/app/controller.go:183.2,183.16 1 0
cloudvm/solo/controller/app/controller.go:186.2,186.12 1 0
cloudvm/solo/controller/app/controller.go:189.2,189.12 1 0
cloudvm/solo/controller/app/controller.go:162.45,164.3 1 0
cloudvm/solo/controller/app/controller.go:168.16,170.3 1 0
cloudvm/solo/controller/app/controller.go:171.14,173.17 2 0
cloudvm/solo/controller/app/controller.go:173.17,175.4 1 0
cloudvm/solo/controller/app/controller.go:178.11,180.3 1 0
cloudvm/solo/controller/app/controller.go:180.3,182.3 1 0
cloudvm/solo/controller/app/controller.go:183.16,185.3 1 0
cloudvm/solo/controller/app/controller.go:186.12,188.3 1 0
cloudvm/solo/controller/app/controller.go:192.52,194.45 2 0
cloudvm/solo/controller/app/controller.go:198.2,198.27 1 0
cloudvm/solo/controller/app/controller.go:194.45,196.3 1 0
cloudvm/solo/controller/app/controller.go:201.69,208.45 2 1
cloudvm/solo/controller/app/controller.go:223.2,223.17 1 1
cloudvm/solo/controller/app/controller.go:208.45,209.44 1 1
cloudvm/solo/controller/app/controller.go:219.3,219.17 1 1
cloudvm/solo/controller/app/controller.go:209.44,212.18 3 1
cloudvm/solo/controller/app/controller.go:212.18,215.5 2 1
cloudvm/solo/controller/app/controller.go:219.17,221.4 1 1
cloudvm/solo/controller/app/controller.go:226.77,228.44 2 1
cloudvm/solo/controller/app/controller.go:232.2,233.16 2 1
cloudvm/solo/controller/app/controller.go:239.2,239.35 1 1
cloudvm/solo/controller/app/controller.go:243.2,243.16 1 1
cloudvm/solo/controller/app/controller.go:253.2,257.17 5 1
cloudvm/solo/controller/app/controller.go:228.44,230.3 1 1
cloudvm/solo/controller/app/controller.go:233.16,235.3 1 0
cloudvm/solo/controller/app/controller.go:235.3,235.24 1 1
cloudvm/solo/controller/app/controller.go:235.24,237.3 1 1
cloudvm/solo/controller/app/controller.go:239.35,241.3 1 1
cloudvm/solo/controller/app/controller.go:243.16,245.3 1 1
cloudvm/solo/controller/app/controller.go:245.3,245.46 1 0
cloudvm/solo/controller/app/controller.go:245.46,246.57 1 0
cloudvm/solo/controller/app/controller.go:246.57,251.4 3 0
cloudvm/solo/controller/app/controller.go:260.60,264.16 3 1
cloudvm/solo/controller/app/controller.go:271.2,272.16 2 1
cloudvm/solo/controller/app/controller.go:275.2,276.15 2 1
cloudvm/solo/controller/app/controller.go:280.2,283.21 4 1
cloudvm/solo/controller/app/controller.go:264.16,266.3 1 0
cloudvm/solo/controller/app/controller.go:266.3,266.19 1 1
cloudvm/solo/controller/app/controller.go:266.19,268.3 1 1
cloudvm/solo/controller/app/controller.go:272.16,274.3 1 0
cloudvm/solo/controller/app/controller.go:276.15,278.3 1 1
cloudvm/solo/controller/app/controller.go:286.65,289.16 2 1
cloudvm/solo/controller/app/controller.go:293.2,294.16 2 1
cloudvm/solo/controller/app/controller.go:301.2,309.16 6 1
cloudvm/solo/controller/app/controller.go:314.2,315.12 2 1
cloudvm/solo/controller/app/controller.go:289.16,291.3 1 1
cloudvm/solo/controller/app/controller.go:294.16,296.3 1 1
cloudvm/solo/controller/app/controller.go:296.3,296.23 1 1
cloudvm/solo/controller/app/controller.go:296.23,298.3 1 0
cloudvm/solo/controller/app/controller.go:309.16,312.3 2 0
cloudvm/solo/controller/app/controller.go:318.48,319.16 1 1
cloudvm/solo/controller/app/controller.go:323.2,339.12 7 1
cloudvm/solo/controller/app/controller.go:319.16,321.3 1 0
cloudvm/solo/controller/app/controller.go:342.59,345.16 3 1
cloudvm/solo/controller/app/controller.go:348.2,348.36 1 1
cloudvm/solo/controller/app/controller.go:357.2,357.12 1 1
cloudvm/solo/controller/app/controller.go:345.16,347.3 1 0
cloudvm/solo/controller/app/controller.go:348.36,352.17 4 1
cloudvm/solo/controller/app/controller.go:352.17,355.4 2 0
cloudvm/solo/controller/app/controller.go:360.50,362.36 2 1
cloudvm/solo/controller/app/controller.go:365.2,365.12 1 1
cloudvm/solo/controller/app/controller.go:362.36,364.3 1 0
cloudvm/solo/controller/app/controller.go:369.64,371.16 2 1
cloudvm/solo/controller/app/controller.go:377.2,379.31 3 1
cloudvm/solo/controller/app/controller.go:391.2,391.23 1 1
cloudvm/solo/controller/app/controller.go:371.16,373.3 1 0
cloudvm/solo/controller/app/controller.go:373.3,373.29 1 1
cloudvm/solo/controller/app/controller.go:373.29,375.3 1 1
cloudvm/solo/controller/app/controller.go:379.31,385.17 4 1
cloudvm/solo/controller/app/controller.go:385.17,387.4 1 0
cloudvm/solo/controller/app/controller.go:387.4,387.31 1 1
cloudvm/solo/controller/app/controller.go:387.31,389.4 1 0
cloudvm/solo/controller/app/controller.go:391.23,393.3 1 0
cloudvm/solo/controller/app/controller.go:393.3,395.3 1 1
cloudvm/solo/controller/app/controller.go:398.48,400.16 2 0
cloudvm/solo/controller/app/controller.go:404.2,404.30 1 0
cloudvm/solo/controller/app/controller.go:400.16,402.3 1 0
cloudvm/solo/controller/app/controller.go:407.57,409.13 2 1
cloudvm/solo/controller/app/controller.go:409.13,412.3 2 1
cloudvm/solo/controller/app/controller.go:415.54,416.24 1 1
cloudvm/solo/controller/app/controller.go:419.2,419.35 1 1
cloudvm/solo/controller/app/controller.go:424.2,425.16 2 1
cloudvm/solo/controller/app/controller.go:428.2,428.15 1 1
cloudvm/solo/controller/app/controller.go:432.2,433.61 2 1
cloudvm/solo/controller/app/controller.go:438.2,439.12 2 1
cloudvm/solo/controller/app/controller.go:416.24,418.3 1 0
cloudvm/solo/controller/app/controller.go:419.35,421.3 1 0
cloudvm/solo/controller/app/controller.go:425.16,427.3 1 0
cloudvm/solo/controller/app/controller.go:428.15,430.3 1 1
cloudvm/solo/controller/app/controller.go:433.61,435.3 1 0
cloudvm/solo/controller/app/controller.go:442.66,443.24 1 0
cloudvm/solo/controller/app/controller.go:447.2,448.16 2 0
cloudvm/solo/controller/app/controller.go:451.2,452.16 2 0
cloudvm/solo/controller/app/controller.go:456.2,456.12 1 0
cloudvm/solo/controller/app/controller.go:443.24,445.3 1 0
cloudvm/solo/controller/app/controller.go:448.16,450.3 1 0
cloudvm/solo/controller/app/controller.go:452.16,454.3 1 0
cloudvm/solo/controller/app/controller.go:459.53,461.2 1 1
cloudvm/solo/controller/app/controller.go:463.72,467.16 3 0
cloudvm/solo/controller/app/controller.go:473.2,474.16 2 0
cloudvm/solo/controller/app/controller.go:477.2,477.15 1 0
cloudvm/solo/controller/app/controller.go:481.2,482.83 2 0
cloudvm/solo/controller/app/controller.go:491.2,492.16 2 0
cloudvm/solo/controller/app/controller.go:496.2,496.12 1 0
cloudvm/solo/controller/app/controller.go:467.16,469.3 1 0
cloudvm/solo/controller/app/controller.go:469.3,469.34 1 0
cloudvm/solo/controller/app/controller.go:469.34,471.3 1 0
cloudvm/solo/controller/app/controller.go:474.16,476.3 1 0
cloudvm/solo/controller/app/controller.go:477.15,479.3 1 0
cloudvm/solo/controller/app/controller.go:482.83,483.13 1 0
cloudvm/solo/controller/app/controller.go:486.3,487.22 2 0
cloudvm/solo/controller/app/controller.go:483.13,484.12 1 0
cloudvm/solo/controller/app/controller.go:487.22,489.4 1 0
cloudvm/solo/controller/app/controller.go:492.16,494.3 1 0
cloudvm/solo/controller/app/host_osx.go:15.53,18.16 3 0
cloudvm/solo/controller/app/host_osx.go:21.2,21.12 1 0
cloudvm/solo/controller/app/host_osx.go:18.16,20.3 1 0
cloudvm/solo/controller/app/host_osx.go:24.42,27.16 3 0
cloudvm/solo/controller/app/host_osx.go:30.2,32.12 2 0
cloudvm/solo/controller/app/host_osx.go:27.16,29.3 1 0
cloudvm/solo/controller/app/host_osx.go:35.61,37.2 1 0
cloudvm/solo/controller/app/host_osx.go:39.53,41.2 1 0
cloudvm/solo/controller/app/host_osx.go:43.63,48.2 4 0
cloudvm/solo/controller/app/host_osx.go:50.55,54.16 4 0
cloudvm/solo/controller/app/host_osx.go:58.2,60.58 2 0
cloudvm/solo/controller/app/host_osx.go:64.2,64.20 1 0
cloudvm/solo/controller/app/host_osx.go:54.16,56.3 1 0
cloudvm/solo/controller/app/host_osx.go:60.58,62.3 1 0
cloudvm/solo/controller/app/mock.go:21.83,25.2 3 0
cloudvm/solo/controller/app/mock.go:27.79,29.2 1 0
cloudvm/solo/controller/app/mock.go:42.93,46.2 3 1
cloudvm/solo/controller/app/mock.go:48.89,50.2 1 1
cloudvm/solo/controller/app/mock.go:52.83,56.2 3 1
cloudvm/solo/controller/app/mock.go:58.97,60.2 1 1
cloudvm/solo/controller/app/mock.go:62.81,66.2 3 0
cloudvm/solo/controller/app/mock.go:68.95,70.2 1 0
cloudvm/solo/controller/app/mock.go:83.71,87.2 3 1
cloudvm/solo/controller/app/mock.go:89.67,91.2 1 1
cloudvm/solo/controller/app/mock.go:93.64,98.2 4 1
cloudvm/solo/controller/app/mock.go:100.72,102.2 1 1
cloudvm/solo/controller/app/mock.go:104.56,108.2 3 0
cloudvm/solo/controller/app/mock.go:110.81,112.2 1 0
cloudvm/solo/controller/app/mock.go:114.75,118.2 3 0
cloudvm/solo/controller/app/mock.go:120.89,122.2 1 0
cloudvm/solo/controller/app/mock.go:124.67,129.2 4 0
cloudvm/solo/controller/app/mock.go:131.82,133.2 1 0
cloudvm/solo/controller/app/mock.go:135.72,139.2 3 1
cloudvm/solo/controller/app/mock.go:141.88,143.2 1 1
cloudvm/solo/controller/app/mock.go:145.67,149.2 3 1
cloudvm/solo/controller/app/mock.go:151.85,153.2 1 1
cloudvm/solo/controller/app/mock.go:155.56,159.2 3 1
cloudvm/solo/controller/app/mock.go:161.81,163.2 1 1
cloudvm/solo/controller/app/mock.go:165.66,170.2 4 1
cloudvm/solo/controller/app/mock.go:172.83,174.2 1 1
cloudvm/solo/controller/app/mock.go:176.71,180.2 3 1
cloudvm/solo/controller/app/mock.go:182.88,184.2 1 1
cloudvm/solo/controller/app/mock.go:186.73,190.2 3 0
cloudvm/solo/controller/app/mock.go:192.86,194.2 1 0
cloudvm/solo/controller/app/mock.go:196.54,200.2 3 0
cloudvm/solo/controller/app/mock.go:202.79,204.2 1 0
cloudvm/solo/controller/app/mock.go:206.60,211.2 4 0
cloudvm/solo/controller/app/mock.go:213.78,215.2 1 0
cloudvm/solo/controller/app/mock.go:217.54,221.2 3 0
cloudvm/solo/controller/app/mock.go:223.80,225.2 1 0
cloudvm/solo/controller/app/mock.go:227.55,231.2 3 0
cloudvm/solo/controller/app/mock.go:233.81,235.2 1 0
cloudvm/solo/controller/app/mock.go:237.69,241.2 3 0
cloudvm/solo/controller/app/mock.go:243.90,245.2 1 0
cloudvm/solo/controller/app/mock.go:247.65,249.27 2 0
cloudvm/solo/controller/app/mock.go:252.2,254.13 3 0
cloudvm/solo/controller/app/mock.go:249.27,251.3 1 0
cloudvm/solo/controller/app/mock.go:257.86,259.2 1 0
cloudvm/solo/controller/app/mock.go:261.67,265.2 3 0
cloudvm/solo/controller/app/mock.go:267.84,269.2 1 0
cloudvm/solo/controller/app/stub.go:14.82,15.35 1 1
cloudvm/solo/controller/app/stub.go:15.35,17.3 1 1
cloudvm/solo/controller/app/stub.go:17.3,19.3 1 0
cloudvm/solo/controller/app/stub.go:22.65,23.31 1 1
cloudvm/solo/controller/app/stub.go:23.31,25.3 1 1
cloudvm/solo/controller/app/stub.go:25.3,27.3 1 0
cloudvm/solo/controller/app/stub.go:30.70,31.30 1 1
cloudvm/solo/controller/app/stub.go:31.30,33.3 1 1
cloudvm/solo/controller/app/stub.go:33.3,35.3 1 0
cloudvm/solo/controller/app/stub.go:38.53,39.29 1 1
cloudvm/solo/controller/app/stub.go:39.29,41.3 1 1
cloudvm/solo/controller/app/stub.go:41.3,43.3 1 0
cloudvm/solo/controller/app/stub.go:46.59,48.2 1 0
cloudvm/solo/controller/app/stub.go:50.46,52.2 1 1
cloudvm/solo/controller/app/stub.go:54.48,56.2 1 1
cloudvm/solo/controller/app/stub.go:58.74,60.2 1 1
cloudvm/solo/controller/app/stub.go:62.50,64.2 1 0
cloudvm/solo/controller/app/stub.go:66.64,68.2 1 0
cloudvm/solo/controller/app/stub.go:70.44,72.2 1 0
cloudvm/solo/controller/app/stub.go:74.55,76.2 1 0
cloudvm/solo/controller/app/stub.go:78.69,80.2 1 0
cloudvm/solo/controller/app/stub.go:82.62,84.2 1 0
cloudvm/solo/controller/app/app.go:49.47,58.2 8 1
cloudvm/solo/controller/app/app.go:60.51,71.27 9 1
cloudvm/solo/controller/app/app.go:71.27,73.39 2 1
cloudvm/solo/controller/app/app.go:73.39,77.4 3 1
cloudvm/solo/controller/app/app.go:81.47,83.2 1 1
cloudvm/solo/controller/app/host.go:18.58,20.2 1 0
cloudvm/solo/controller/app/host.go:22.52,24.16 2 0
cloudvm/solo/controller/app/host.go:28.2,28.63 1 0
cloudvm/solo/controller/app/host.go:24.16,26.3 1 0
cloudvm/solo/controller/app/host.go:31.42,33.16 2 0
cloudvm/solo/controller/app/host.go:36.2,41.12 3 0
cloudvm/solo/controller/app/host.go:33.16,35.3 1 0
cloudvm/solo/controller/app/host.go:44.57,46.14 2 0
cloudvm/solo/controller/app/host.go:49.2,50.12 2 0
cloudvm/solo/controller/app/host.go:46.14,48.3 1 0
cloudvm/solo/controller/app/host.go:53.59,56.19 3 0
cloudvm/solo/controller/app/host.go:64.2,65.58 2 0
cloudvm/solo/controller/app/host.go:69.2,74.12 2 0
cloudvm/solo/controller/app/host.go:56.19,58.3 1 0
cloudvm/solo/controller/app/host.go:58.3,58.25 1 0
cloudvm/solo/controller/app/host.go:58.25,60.3 1 0
cloudvm/solo/controller/app/host.go:60.3,62.3 1 0
cloudvm/solo/controller/app/host.go:65.58,67.3 1 0
cloudvm/solo/controller/app/host.go:77.40,80.2 2 0
cloudvm/solo/controller/app/host.go:82.46,84.16 2 0
cloudvm/solo/controller/app/host.go:88.2,88.45 1 0
cloudvm/solo/controller/app/host.go:84.16,86.3 1 0
cloudvm/solo/controller/app/host.go:91.40,94.2 2 0
cloudvm/solo/controller/app/host.go:96.41,99.2 2 0
cloudvm/solo/controller/app/host.go:101.50,103.16 2 0
cloudvm/solo/controller/app/host.go:107.2,107.32 1 0
cloudvm/solo/controller/app/host.go:103.16,105.3 1 0
cloudvm/solo/controller/app/host.go:110.55,113.2 1 0
cloudvm/solo/controller/app/host.go:115.51,122.2 6 0
cloudvm/solo/controller/app/host.go:124.53,130.2 2 0
cloudvm/solo/controller/app/host.go:132.52,134.16 2 0
cloudvm/solo/controller/app/host.go:137.2,137.34 1 0
cloudvm/solo/controller/app/host.go:134.16,136.3 1 0
cloudvm/solo/controller/app/host.go:140.41,142.2 1 0
cloudvm/solo/controller/app/host.go:145.55,147.20 2 1
cloudvm/solo/controller/app/host.go:150.2,150.22 1 1
cloudvm/solo/controller/app/host.go:147.20,149.3 1 1
cloudvm/solo/controller/app/host.go:155.52,157.20 2 1
cloudvm/solo/controller/app/host.go:160.2,161.20 2 1
cloudvm/solo/controller/app/host.go:164.2,167.23 4 1
cloudvm/solo/controller/app/host.go:157.20,159.3 1 1
cloudvm/solo/controller/app/host.go:161.20,163.3 1 0
cloudvm/solo/controller/app/host.go:172.66,174.31 2 1
cloudvm/solo/controller/app/host.go:193.2,193.15 1 0
cloudvm/solo/controller/app/host.go:174.31,175.15 1 1
cloudvm/solo/controller/app/host.go:178.3,179.21 2 1
cloudvm/solo/controller/app/host.go:182.3,182.27 1 1
cloudvm/solo/controller/app/host.go:175.15,176.12 1 1
cloudvm/solo/controller/app/host.go:179.21,181.4 1 1
cloudvm/solo/controller/app/host.go:182.27,185.18 3 1
cloudvm/solo/controller/app/host.go:188.4,188.19 1 1
cloudvm/solo/controller/app/host.go:185.18,187.5 1 0
cloudvm/solo/controller/app/host.go:198.71,200.36 2 1
cloudvm/solo/controller/app/host.go:213.2,214.14 2 1
cloudvm/solo/controller/app/host.go:200.36,203.43 2 1
cloudvm/solo/controller/app/host.go:203.43,205.4 1 1
cloudvm/solo/controller/app/host.go:206.3,208.43 2 1
cloudvm/solo/controller/app/host.go:208.43,210.4 1 1
cloudvm/solo/controller/app/resource.go:14.53,17.2 2 1
cloudvm/solo/controller/app/resource.go:19.69,23.16 3 1
cloudvm/solo/controller/app/resource.go:29.2,30.16 2 1
cloudvm/solo/controller/app/resource.go:33.2,33.15 1 1
cloudvm/solo/controller/app/resource.go:37.2,38.83 2 1
cloudvm/solo/controller/app/resource.go:47.2,48.16 2 1
cloudvm/solo/controller/app/resource.go:52.2,52.12 1 1
cloudvm/solo/controller/app/resource.go:23.16,25.3 1 0
cloudvm/solo/controller/app/resource.go:25.3,25.34 1 1
cloudvm/solo/controller/app/resource.go:25.34,27.3 1 0
cloudvm/solo/controller/app/resource.go:30.16,32.3 1 0
cloudvm/solo/controller/app/resource.go:33.15,35.3 1 1
cloudvm/solo/controller/app/resource.go:38.83,39.13 1 1
cloudvm/solo/controller/app/resource.go:42.3,43.22 2 1
cloudvm/solo/controller/app/resource.go:39.13,40.12 1 1
cloudvm/solo/controller/app/resource.go:43.22,45.4 1 0
cloudvm/solo/controller/app/resource.go:48.16,50.3 1 0
cloudvm/solo/controller/app/resource.go:55.67,57.2 1 0
cloudvm/solo/controller/app/user_data.go:18.52,22.16 3 1
cloudvm/solo/controller/app/user_data.go:27.2,27.46 1 1
cloudvm/solo/controller/app/user_data.go:22.16,24.3 1 1
cloudvm/solo/controller/app/user_data.go:30.54,33.2 1 1
cloudvm/solo/controller/app/user_data.go:35.63,42.16 5 1
cloudvm/solo/controller/app/user_data.go:46.2,47.39 2 1
cloudvm/solo/controller/app/user_data.go:42.16,44.3 1 0
